foo.go
2023/09/26 13:40:08 Failed to format generated source code: mock_main/foo.go:41:201: missing ',' in type argument list (and 1 more errors)
// Code generated by MockGen. DO NOT EDIT.
// Source: mockgenrepro (interfaces: Interface)
//
// Generated by this command:
//    mockgen -destination mock_main/foo.go -package mock_main . Interface
// Package mock_main is a generated GoMock package.
package mock_main

import (
	context "context"
	runtime "github.com/Azure/azure-sdk-for-go/sdk/azcore/runtime"
	armcontainerservice "github.com/Azure/azure-sdk-for-go/sdk/resourcemanager/containerservice/armcontainerservice/v4"
	gomock "go.uber.org/mock/gomock"
	reflect "reflect"
)

// MockInterface is a mock of Interface interface.
type MockInterface struct {
	ctrl     *gomock.Controller
	recorder *MockInterfaceMockRecorder
}

// MockInterfaceMockRecorder is the mock recorder for MockInterface.
type MockInterfaceMockRecorder struct {
	mock *MockInterface
}

// NewMockInterface creates a new mock instance.
func NewMockInterface(ctrl *gomock.Controller) *MockInterface {
	mock := &MockInterface{ctrl: ctrl}
	mock.recorder = &MockInterfaceMockRecorder{mock}
	return mock
}

// EXPECT returns an object that allows the caller to indicate expected use.
func (m *MockInterface) EXPECT() *MockInterfaceMockRecorder {
	return m.recorder
}

// BeginAbortLatestOperation mocks base method.
func (m *MockInterface) BeginAbortLatestOperation(arg0 context.Context, arg1, arg2, arg3 string, arg4 *armcontainerservice.AgentPoolsClientBeginAbortLatestOperationOptions) (*runtime.Poller[github.com/Azure/azure-sdk-for-go/sdk/resourcemanager/containerservice/armcontainerservice/v4.AgentPoolsClientAbortLatestOperationResponse], error) {
	m.ctrl.T.Helper()
	ret := m.ctrl.Call(m, "BeginAbortLatestOperation", arg0, arg1, arg2, arg3, arg4)
	ret0, _ := ret[0].(*runtime.Poller[github.com/Azure/azure-sdk-for-go/sdk/resourcemanager/containerservice/armcontainerservice/v4.AgentPoolsClientAbortLatestOperationResponse])
	ret1, _ := ret[1].(error)
	return ret0, ret1
}

// BeginAbortLatestOperation indicates an expected call of BeginAbortLatestOperation.
func (mr *MockInterfaceMockRecorder) BeginAbortLatestOperation(arg0, arg1, arg2, arg3, arg4 any) *gomock.Call {
	mr.mock.ctrl.T.Helper()
	return mr.mock.ctrl.RecordCallWithMethodType(mr.mock, "BeginAbortLatestOperation", reflect.TypeOf((*MockInterface)(nil).BeginAbortLatestOperation), arg0, arg1, arg2, arg3, arg4)
}
foo.go:11: running "mockgen": exit status 1
